/glade/work/ksha/anaconda3/bin/python
/glade/scratch/ksha/DRIVE/HRRR/fcst12hr/HRRR.20180712.natf12.grib2
/glade/scratch/ksha/DRIVE/HRRR/fcst12hr/HRRR.20180713.natf12.grib2
/glade/scratch/ksha/DRIVE/HRRR/fcst12hr/HRRR.20180714.natf12.grib2
/glade/scratch/ksha/DRIVE/HRRR/fcst12hr/HRRR.20180715.natf12.grib2
/glade/scratch/ksha/DRIVE/HRRR/fcst12hr/HRRR.20180716.natf12.grib2
/glade/scratch/ksha/DRIVE/HRRR/fcst12hr/HRRR.20180717.natf12.grib2
/glade/scratch/ksha/DRIVE/HRRR/fcst12hr/HRRR.20180718.natf12.grib2
/glade/scratch/ksha/DRIVE/HRRR/fcst12hr/HRRR.20180719.natf12.grib2
/glade/scratch/ksha/DRIVE/HRRR/fcst12hr/HRRR.20180720.natf12.grib2
/glade/scratch/ksha/DRIVE/HRRR/fcst12hr/HRRR.20180721.natf12.grib2
Save to /glade/scratch/ksha/DRIVE/SPC_3km_grid/HRRRv3_envi.hdf
/glade/work/ksha/anaconda3/bin/python
/glade/scratch/ksha/DRIVE/HRRR/fcst12hr/HRRR.20180712.natf12.grib2
/glade/scratch/ksha/DRIVE/HRRR/fcst12hr/HRRR.20180713.natf12.grib2
/glade/scratch/ksha/DRIVE/HRRR/fcst12hr/HRRR.20180714.natf12.grib2
/glade/scratch/ksha/DRIVE/HRRR/fcst12hr/HRRR.20180715.natf12.grib2
/glade/scratch/ksha/DRIVE/HRRR/fcst12hr/HRRR.20180716.natf12.grib2
/glade/scratch/ksha/DRIVE/HRRR/fcst12hr/HRRR.20180717.natf12.grib2
/glade/scratch/ksha/DRIVE/HRRR/fcst12hr/HRRR.20180718.natf12.grib2
/glade/scratch/ksha/DRIVE/HRRR/fcst12hr/HRRR.20180719.natf12.grib2
/glade/scratch/ksha/DRIVE/HRRR/fcst12hr/HRRR.20180720.natf12.grib2
/glade/scratch/ksha/DRIVE/HRRR/fcst12hr/HRRR.20180721.natf12.grib2
Save to /glade/scratch/ksha/DRIVE/SPC_3km_grid/HRRRv3_envi.hdf
/glade/work/ksha/anaconda3/bin/python
/glade/scratch/ksha/DRIVE/HRRR/fcst12hr/HRRR.20180712.natf12.grib2
/glade/scratch/ksha/DRIVE/HRRR/fcst12hr/HRRR.20180713.natf12.grib2
/glade/scratch/ksha/DRIVE/HRRR/fcst12hr/HRRR.20180714.natf12.grib2
/glade/scratch/ksha/DRIVE/HRRR/fcst12hr/HRRR.20180715.natf12.grib2
/glade/scratch/ksha/DRIVE/HRRR/fcst12hr/HRRR.20180716.natf12.grib2
/glade/scratch/ksha/DRIVE/HRRR/fcst12hr/HRRR.20180717.natf12.grib2
/glade/scratch/ksha/DRIVE/HRRR/fcst12hr/HRRR.20180718.natf12.grib2
/glade/scratch/ksha/DRIVE/HRRR/fcst12hr/HRRR.20180719.natf12.grib2
/glade/scratch/ksha/DRIVE/HRRR/fcst12hr/HRRR.20180720.natf12.grib2
/glade/scratch/ksha/DRIVE/HRRR/fcst12hr/HRRR.20180721.natf12.grib2
Save to /glade/scratch/ksha/DRIVE/SPC_3km_grid/HRRRv3_envi.hdf
/glade/work/ksha/anaconda3/bin/python
/glade/scratch/ksha/DRIVE/HRRR/fcst12hr/HRRR.20180712.natf12.grib2
/glade/scratch/ksha/DRIVE/HRRR/fcst12hr/HRRR.20180713.natf12.grib2
/glade/scratch/ksha/DRIVE/HRRR/fcst12hr/HRRR.20180714.natf12.grib2
/glade/scratch/ksha/DRIVE/HRRR/fcst12hr/HRRR.20180715.natf12.grib2
/glade/scratch/ksha/DRIVE/HRRR/fcst12hr/HRRR.20180716.natf12.grib2
/glade/scratch/ksha/DRIVE/HRRR/fcst12hr/HRRR.20180717.natf12.grib2
/glade/scratch/ksha/DRIVE/HRRR/fcst12hr/HRRR.20180718.natf12.grib2
/glade/scratch/ksha/DRIVE/HRRR/fcst12hr/HRRR.20180719.natf12.grib2
/glade/scratch/ksha/DRIVE/HRRR/fcst12hr/HRRR.20180720.natf12.grib2
/glade/scratch/ksha/DRIVE/HRRR/fcst12hr/HRRR.20180721.natf12.grib2
/glade/scratch/ksha/DRIVE/HRRR/fcst12hr/HRRR.20180722.natf12.grib2
/glade/scratch/ksha/DRIVE/HRRR/fcst12hr/HRRR.20180723.natf12.grib2
/glade/scratch/ksha/DRIVE/HRRR/fcst12hr/HRRR.20180724.natf12.grib2
/glade/scratch/ksha/DRIVE/HRRR/fcst12hr/HRRR.20180725.natf12.grib2
/glade/scratch/ksha/DRIVE/HRRR/fcst12hr/HRRR.20180726.natf12.grib2
/glade/scratch/ksha/DRIVE/HRRR/fcst12hr/HRRR.20180727.natf12.grib2
/glade/work/ksha/anaconda3/bin/python
/glade/work/ksha/anaconda3/bin/python
/glade/scratch/ksha/DRIVE/HRRR/fcst12hr/HRRR.20180712.natf12.grib2
/glade/scratch/ksha/DRIVE/HRRR/fcst12hr/HRRR.20180713.natf12.grib2
/glade/scratch/ksha/DRIVE/HRRR/fcst12hr/HRRR.20180714.natf12.grib2
/glade/scratch/ksha/DRIVE/HRRR/fcst12hr/HRRR.20180715.natf12.grib2
/glade/scratch/ksha/DRIVE/HRRR/fcst12hr/HRRR.20180716.natf12.grib2
/glade/scratch/ksha/DRIVE/HRRR/fcst12hr/HRRR.20180717.natf12.grib2
/glade/scratch/ksha/DRIVE/HRRR/fcst12hr/HRRR.20180718.natf12.grib2
/glade/scratch/ksha/DRIVE/HRRR/fcst12hr/HRRR.20180719.natf12.grib2
/glade/scratch/ksha/DRIVE/HRRR/fcst12hr/HRRR.20180720.natf12.grib2
/glade/scratch/ksha/DRIVE/HRRR/fcst12hr/HRRR.20180721.natf12.grib2
Save to /glade/scratch/ksha/DRIVE/SPC_3km_grid/HRRRv3_envi.hdf
/glade/work/ksha/anaconda3/bin/python
/glade/scratch/ksha/DRIVE/HRRR/fcst12hr/HRRR.20180712.natf12.grib2
/glade/scratch/ksha/DRIVE/HRRR/fcst12hr/HRRR.20180713.natf12.grib2
/glade/scratch/ksha/DRIVE/HRRR/fcst12hr/HRRR.20180714.natf12.grib2
/glade/scratch/ksha/DRIVE/HRRR/fcst12hr/HRRR.20180715.natf12.grib2
/glade/scratch/ksha/DRIVE/HRRR/fcst12hr/HRRR.20180716.natf12.grib2
/glade/scratch/ksha/DRIVE/HRRR/fcst12hr/HRRR.20180717.natf12.grib2
/glade/scratch/ksha/DRIVE/HRRR/fcst12hr/HRRR.20180718.natf12.grib2
/glade/scratch/ksha/DRIVE/HRRR/fcst12hr/HRRR.20180719.natf12.grib2
/glade/scratch/ksha/DRIVE/HRRR/fcst12hr/HRRR.20180720.natf12.grib2
/glade/scratch/ksha/DRIVE/HRRR/fcst12hr/HRRR.20180721.natf12.grib2
/glade/scratch/ksha/DRIVE/HRRR/fcst12hr/HRRR.20180722.natf12.grib2
/glade/scratch/ksha/DRIVE/HRRR/fcst12hr/HRRR.20180723.natf12.grib2
/glade/scratch/ksha/DRIVE/HRRR/fcst12hr/HRRR.20180724.natf12.grib2
/glade/scratch/ksha/DRIVE/HRRR/fcst12hr/HRRR.20180725.natf12.grib2
/glade/scratch/ksha/DRIVE/HRRR/fcst12hr/HRRR.20180726.natf12.grib2
/glade/scratch/ksha/DRIVE/HRRR/fcst12hr/HRRR.20180727.natf12.grib2
missing
missing
missing
missing
missing
missing
missing
missing
missing
missing
missing
missing
/glade/scratch/ksha/DRIVE/HRRR/fcst12hr/HRRR.20180728.natf12.grib2
/glade/scratch/ksha/DRIVE/HRRR/fcst12hr/HRRR.20180729.natf12.grib2
/glade/scratch/ksha/DRIVE/HRRR/fcst12hr/HRRR.20180730.natf12.grib2
/glade/scratch/ksha/DRIVE/HRRR/fcst12hr/HRRR.20180731.natf12.grib2
/glade/scratch/ksha/DRIVE/HRRR/fcst12hr/HRRR.20180801.natf12.grib2
/glade/scratch/ksha/DRIVE/HRRR/fcst12hr/HRRR.20180802.natf12.grib2
/glade/scratch/ksha/DRIVE/HRRR/fcst12hr/HRRR.20180803.natf12.grib2
/glade/scratch/ksha/DRIVE/HRRR/fcst12hr/HRRR.20180804.natf12.grib2
/glade/scratch/ksha/DRIVE/HRRR/fcst12hr/HRRR.20180805.natf12.grib2
/glade/scratch/ksha/DRIVE/HRRR/fcst12hr/HRRR.20180806.natf12.grib2
/glade/scratch/ksha/DRIVE/HRRR/fcst12hr/HRRR.20180807.natf12.grib2
/glade/scratch/ksha/DRIVE/HRRR/fcst12hr/HRRR.20180808.natf12.grib2
/glade/scratch/ksha/DRIVE/HRRR/fcst12hr/HRRR.20180809.natf12.grib2
/glade/scratch/ksha/DRIVE/HRRR/fcst12hr/HRRR.20180810.natf12.grib2
/glade/scratch/ksha/DRIVE/HRRR/fcst12hr/HRRR.20180811.natf12.grib2
/glade/scratch/ksha/DRIVE/HRRR/fcst12hr/HRRR.20180812.natf12.grib2
/glade/scratch/ksha/DRIVE/HRRR/fcst12hr/HRRR.20180813.natf12.grib2
/glade/scratch/ksha/DRIVE/HRRR/fcst12hr/HRRR.20180814.natf12.grib2
/glade/scratch/ksha/DRIVE/HRRR/fcst12hr/HRRR.20180815.natf12.grib2
/glade/scratch/ksha/DRIVE/HRRR/fcst12hr/HRRR.20180816.natf12.grib2
/glade/scratch/ksha/DRIVE/HRRR/fcst12hr/HRRR.20180817.natf12.grib2
/glade/scratch/ksha/DRIVE/HRRR/fcst12hr/HRRR.20180818.natf12.grib2
/glade/scratch/ksha/DRIVE/HRRR/fcst12hr/HRRR.20180819.natf12.grib2
/glade/scratch/ksha/DRIVE/HRRR/fcst12hr/HRRR.20180820.natf12.grib2
/glade/scratch/ksha/DRIVE/HRRR/fcst12hr/HRRR.20180821.natf12.grib2
/glade/scratch/ksha/DRIVE/HRRR/fcst12hr/HRRR.20180822.natf12.grib2
/glade/scratch/ksha/DRIVE/HRRR/fcst12hr/HRRR.20180823.natf12.grib2
/glade/scratch/ksha/DRIVE/HRRR/fcst12hr/HRRR.20180824.natf12.grib2
/glade/scratch/ksha/DRIVE/HRRR/fcst12hr/HRRR.20180825.natf12.grib2
/glade/scratch/ksha/DRIVE/HRRR/fcst12hr/HRRR.20180826.natf12.grib2
/glade/scratch/ksha/DRIVE/HRRR/fcst12hr/HRRR.20180827.natf12.grib2
/glade/scratch/ksha/DRIVE/HRRR/fcst12hr/HRRR.20180828.natf12.grib2
/glade/scratch/ksha/DRIVE/HRRR/fcst12hr/HRRR.20180829.natf12.grib2
/glade/scratch/ksha/DRIVE/HRRR/fcst12hr/HRRR.20180830.natf12.grib2
/glade/scratch/ksha/DRIVE/HRRR/fcst12hr/HRRR.20180831.natf12.grib2
missing
missing
missing
missing
missing
missing
missing
missing
missing
missing
missing
missing
/glade/scratch/ksha/DRIVE/HRRR/fcst12hr/HRRR.20180901.natf12.grib2
/glade/scratch/ksha/DRIVE/HRRR/fcst12hr/HRRR.20180902.natf12.grib2
/glade/scratch/ksha/DRIVE/HRRR/fcst12hr/HRRR.20180903.natf12.grib2
/glade/scratch/ksha/DRIVE/HRRR/fcst12hr/HRRR.20180904.natf12.grib2
/glade/scratch/ksha/DRIVE/HRRR/fcst12hr/HRRR.20180905.natf12.grib2
/glade/scratch/ksha/DRIVE/HRRR/fcst12hr/HRRR.20180906.natf12.grib2
/glade/scratch/ksha/DRIVE/HRRR/fcst12hr/HRRR.20180907.natf12.grib2
/glade/scratch/ksha/DRIVE/HRRR/fcst12hr/HRRR.20180908.natf12.grib2
/glade/scratch/ksha/DRIVE/HRRR/fcst12hr/HRRR.20180909.natf12.grib2
/glade/scratch/ksha/DRIVE/HRRR/fcst12hr/HRRR.20180910.natf12.grib2
/glade/scratch/ksha/DRIVE/HRRR/fcst12hr/HRRR.20180911.natf12.grib2
/glade/scratch/ksha/DRIVE/HRRR/fcst12hr/HRRR.20180912.natf12.grib2
/glade/scratch/ksha/DRIVE/HRRR/fcst12hr/HRRR.20180913.natf12.grib2
/glade/scratch/ksha/DRIVE/HRRR/fcst12hr/HRRR.20180914.natf12.grib2
/glade/scratch/ksha/DRIVE/HRRR/fcst12hr/HRRR.20180915.natf12.grib2
/glade/scratch/ksha/DRIVE/HRRR/fcst12hr/HRRR.20180916.natf12.grib2
/glade/scratch/ksha/DRIVE/HRRR/fcst12hr/HRRR.20180917.natf12.grib2
/glade/scratch/ksha/DRIVE/HRRR/fcst12hr/HRRR.20180918.natf12.grib2
/glade/scratch/ksha/DRIVE/HRRR/fcst12hr/HRRR.20180919.natf12.grib2
/glade/scratch/ksha/DRIVE/HRRR/fcst12hr/HRRR.20180920.natf12.grib2
/glade/scratch/ksha/DRIVE/HRRR/fcst12hr/HRRR.20180921.natf12.grib2
/glade/scratch/ksha/DRIVE/HRRR/fcst12hr/HRRR.20180922.natf12.grib2
/glade/scratch/ksha/DRIVE/HRRR/fcst12hr/HRRR.20180923.natf12.grib2
/glade/scratch/ksha/DRIVE/HRRR/fcst12hr/HRRR.20180924.natf12.grib2
/glade/scratch/ksha/DRIVE/HRRR/fcst12hr/HRRR.20180925.natf12.grib2
/glade/scratch/ksha/DRIVE/HRRR/fcst12hr/HRRR.20180926.natf12.grib2
/glade/scratch/ksha/DRIVE/HRRR/fcst12hr/HRRR.20180927.natf12.grib2
/glade/scratch/ksha/DRIVE/HRRR/fcst12hr/HRRR.20180928.natf12.grib2
/glade/scratch/ksha/DRIVE/HRRR/fcst12hr/HRRR.20180929.natf12.grib2
/glade/scratch/ksha/DRIVE/HRRR/fcst12hr/HRRR.20180930.natf12.grib2
/glade/scratch/ksha/DRIVE/HRRR/fcst12hr/HRRR.20181001.natf12.grib2
/glade/scratch/ksha/DRIVE/HRRR/fcst12hr/HRRR.20181002.natf12.grib2
/glade/scratch/ksha/DRIVE/HRRR/fcst12hr/HRRR.20181003.natf12.grib2
/glade/scratch/ksha/DRIVE/HRRR/fcst12hr/HRRR.20181004.natf12.grib2
/glade/scratch/ksha/DRIVE/HRRR/fcst12hr/HRRR.20181005.natf12.grib2
/glade/scratch/ksha/DRIVE/HRRR/fcst12hr/HRRR.20181006.natf12.grib2
/glade/scratch/ksha/DRIVE/HRRR/fcst12hr/HRRR.20181007.natf12.grib2
/glade/scratch/ksha/DRIVE/HRRR/fcst12hr/HRRR.20181008.natf12.grib2
/glade/scratch/ksha/DRIVE/HRRR/fcst12hr/HRRR.20181009.natf12.grib2
/glade/scratch/ksha/DRIVE/HRRR/fcst12hr/HRRR.20181010.natf12.grib2
/glade/scratch/ksha/DRIVE/HRRR/fcst12hr/HRRR.20181011.natf12.grib2
/glade/scratch/ksha/DRIVE/HRRR/fcst12hr/HRRR.20181012.natf12.grib2
/glade/scratch/ksha/DRIVE/HRRR/fcst12hr/HRRR.20181013.natf12.grib2
/glade/scratch/ksha/DRIVE/HRRR/fcst12hr/HRRR.20181014.natf12.grib2
/glade/scratch/ksha/DRIVE/HRRR/fcst12hr/HRRR.20181015.natf12.grib2
/glade/scratch/ksha/DRIVE/HRRR/fcst12hr/HRRR.20181016.natf12.grib2
/glade/scratch/ksha/DRIVE/HRRR/fcst12hr/HRRR.20181017.natf12.grib2
/glade/scratch/ksha/DRIVE/HRRR/fcst12hr/HRRR.20181018.natf12.grib2
/glade/scratch/ksha/DRIVE/HRRR/fcst12hr/HRRR.20181019.natf12.grib2
/glade/scratch/ksha/DRIVE/HRRR/fcst12hr/HRRR.20181020.natf12.grib2
/glade/scratch/ksha/DRIVE/HRRR/fcst12hr/HRRR.20181021.natf12.grib2
/glade/scratch/ksha/DRIVE/HRRR/fcst12hr/HRRR.20181022.natf12.grib2
/glade/scratch/ksha/DRIVE/HRRR/fcst12hr/HRRR.20181023.natf12.grib2
/glade/scratch/ksha/DRIVE/HRRR/fcst12hr/HRRR.20181024.natf12.grib2
/glade/scratch/ksha/DRIVE/HRRR/fcst12hr/HRRR.20181025.natf12.grib2
/glade/scratch/ksha/DRIVE/HRRR/fcst12hr/HRRR.20181026.natf12.grib2
/glade/scratch/ksha/DRIVE/HRRR/fcst12hr/HRRR.20181027.natf12.grib2
/glade/scratch/ksha/DRIVE/HRRR/fcst12hr/HRRR.20181028.natf12.grib2
/glade/scratch/ksha/DRIVE/HRRR/fcst12hr/HRRR.20181029.natf12.grib2
/glade/scratch/ksha/DRIVE/HRRR/fcst12hr/HRRR.20181030.natf12.grib2
/glade/scratch/ksha/DRIVE/HRRR/fcst12hr/HRRR.20181031.natf12.grib2
/glade/scratch/ksha/DRIVE/HRRR/fcst12hr/HRRR.20190301.natf12.grib2
/glade/scratch/ksha/DRIVE/HRRR/fcst12hr/HRRR.20190302.natf12.grib2
/glade/scratch/ksha/DRIVE/HRRR/fcst12hr/HRRR.20190303.natf12.grib2
/glade/scratch/ksha/DRIVE/HRRR/fcst12hr/HRRR.20190304.natf12.grib2
/glade/scratch/ksha/DRIVE/HRRR/fcst12hr/HRRR.20190305.natf12.grib2
/glade/scratch/ksha/DRIVE/HRRR/fcst12hr/HRRR.20190306.natf12.grib2
/glade/scratch/ksha/DRIVE/HRRR/fcst12hr/HRRR.20190307.natf12.grib2
/glade/scratch/ksha/DRIVE/HRRR/fcst12hr/HRRR.20190308.natf12.grib2
/glade/scratch/ksha/DRIVE/HRRR/fcst12hr/HRRR.20190309.natf12.grib2
/glade/scratch/ksha/DRIVE/HRRR/fcst12hr/HRRR.20190310.natf12.grib2
/glade/scratch/ksha/DRIVE/HRRR/fcst12hr/HRRR.20190311.natf12.grib2
/glade/scratch/ksha/DRIVE/HRRR/fcst12hr/HRRR.20190312.natf12.grib2
/glade/scratch/ksha/DRIVE/HRRR/fcst12hr/HRRR.20190313.natf12.grib2
/glade/scratch/ksha/DRIVE/HRRR/fcst12hr/HRRR.20190314.natf12.grib2
/glade/scratch/ksha/DRIVE/HRRR/fcst12hr/HRRR.20190315.natf12.grib2
/glade/scratch/ksha/DRIVE/HRRR/fcst12hr/HRRR.20190316.natf12.grib2
/glade/scratch/ksha/DRIVE/HRRR/fcst12hr/HRRR.20190317.natf12.grib2
/glade/scratch/ksha/DRIVE/HRRR/fcst12hr/HRRR.20190318.natf12.grib2
/glade/scratch/ksha/DRIVE/HRRR/fcst12hr/HRRR.20190319.natf12.grib2
/glade/scratch/ksha/DRIVE/HRRR/fcst12hr/HRRR.20190320.natf12.grib2
/glade/scratch/ksha/DRIVE/HRRR/fcst12hr/HRRR.20190321.natf12.grib2
/glade/scratch/ksha/DRIVE/HRRR/fcst12hr/HRRR.20190322.natf12.grib2
/glade/scratch/ksha/DRIVE/HRRR/fcst12hr/HRRR.20190323.natf12.grib2
/glade/scratch/ksha/DRIVE/HRRR/fcst12hr/HRRR.20190324.natf12.grib2
/glade/scratch/ksha/DRIVE/HRRR/fcst12hr/HRRR.20190325.natf12.grib2
/glade/scratch/ksha/DRIVE/HRRR/fcst12hr/HRRR.20190326.natf12.grib2
/glade/scratch/ksha/DRIVE/HRRR/fcst12hr/HRRR.20190327.natf12.grib2
/glade/scratch/ksha/DRIVE/HRRR/fcst12hr/HRRR.20190328.natf12.grib2
/glade/scratch/ksha/DRIVE/HRRR/fcst12hr/HRRR.20190329.natf12.grib2
/glade/scratch/ksha/DRIVE/HRRR/fcst12hr/HRRR.20190330.natf12.grib2
/glade/scratch/ksha/DRIVE/HRRR/fcst12hr/HRRR.20190331.natf12.grib2
/glade/scratch/ksha/DRIVE/HRRR/fcst12hr/HRRR.20190401.natf12.grib2
/glade/scratch/ksha/DRIVE/HRRR/fcst12hr/HRRR.20190402.natf12.grib2
/glade/scratch/ksha/DRIVE/HRRR/fcst12hr/HRRR.20190403.natf12.grib2
/glade/scratch/ksha/DRIVE/HRRR/fcst12hr/HRRR.20190404.natf12.grib2
/glade/scratch/ksha/DRIVE/HRRR/fcst12hr/HRRR.20190405.natf12.grib2
/glade/scratch/ksha/DRIVE/HRRR/fcst12hr/HRRR.20190406.natf12.grib2
/glade/scratch/ksha/DRIVE/HRRR/fcst12hr/HRRR.20190407.natf12.grib2
/glade/scratch/ksha/DRIVE/HRRR/fcst12hr/HRRR.20190408.natf12.grib2
/glade/scratch/ksha/DRIVE/HRRR/fcst12hr/HRRR.20190409.natf12.grib2
/glade/scratch/ksha/DRIVE/HRRR/fcst12hr/HRRR.20190410.natf12.grib2
/glade/scratch/ksha/DRIVE/HRRR/fcst12hr/HRRR.20190411.natf12.grib2
/glade/scratch/ksha/DRIVE/HRRR/fcst12hr/HRRR.20190412.natf12.grib2
/glade/scratch/ksha/DRIVE/HRRR/fcst12hr/HRRR.20190413.natf12.grib2
/glade/scratch/ksha/DRIVE/HRRR/fcst12hr/HRRR.20190414.natf12.grib2
/glade/scratch/ksha/DRIVE/HRRR/fcst12hr/HRRR.20190415.natf12.grib2
/glade/scratch/ksha/DRIVE/HRRR/fcst12hr/HRRR.20190416.natf12.grib2
/glade/scratch/ksha/DRIVE/HRRR/fcst12hr/HRRR.20190417.natf12.grib2
/glade/scratch/ksha/DRIVE/HRRR/fcst12hr/HRRR.20190418.natf12.grib2
/glade/scratch/ksha/DRIVE/HRRR/fcst12hr/HRRR.20190419.natf12.grib2
/glade/scratch/ksha/DRIVE/HRRR/fcst12hr/HRRR.20190420.natf12.grib2
/glade/scratch/ksha/DRIVE/HRRR/fcst12hr/HRRR.20190421.natf12.grib2
/glade/scratch/ksha/DRIVE/HRRR/fcst12hr/HRRR.20190422.natf12.grib2
/glade/scratch/ksha/DRIVE/HRRR/fcst12hr/HRRR.20190423.natf12.grib2
/glade/scratch/ksha/DRIVE/HRRR/fcst12hr/HRRR.20190424.natf12.grib2
/glade/scratch/ksha/DRIVE/HRRR/fcst12hr/HRRR.20190425.natf12.grib2
/glade/scratch/ksha/DRIVE/HRRR/fcst12hr/HRRR.20190426.natf12.grib2
/glade/scratch/ksha/DRIVE/HRRR/fcst12hr/HRRR.20190427.natf12.grib2
/glade/scratch/ksha/DRIVE/HRRR/fcst12hr/HRRR.20190428.natf12.grib2
/glade/scratch/ksha/DRIVE/HRRR/fcst12hr/HRRR.20190429.natf12.grib2
/glade/scratch/ksha/DRIVE/HRRR/fcst12hr/HRRR.20190430.natf12.grib2
/glade/scratch/ksha/DRIVE/HRRR/fcst12hr/HRRR.20190501.natf12.grib2
/glade/scratch/ksha/DRIVE/HRRR/fcst12hr/HRRR.20190502.natf12.grib2
/glade/scratch/ksha/DRIVE/HRRR/fcst12hr/HRRR.20190503.natf12.grib2
/glade/scratch/ksha/DRIVE/HRRR/fcst12hr/HRRR.20190504.natf12.grib2
/glade/scratch/ksha/DRIVE/HRRR/fcst12hr/HRRR.20190505.natf12.grib2
/glade/scratch/ksha/DRIVE/HRRR/fcst12hr/HRRR.20190506.natf12.grib2
/glade/scratch/ksha/DRIVE/HRRR/fcst12hr/HRRR.20190507.natf12.grib2
/glade/scratch/ksha/DRIVE/HRRR/fcst12hr/HRRR.20190508.natf12.grib2
/glade/scratch/ksha/DRIVE/HRRR/fcst12hr/HRRR.20190509.natf12.grib2
/glade/scratch/ksha/DRIVE/HRRR/fcst12hr/HRRR.20190510.natf12.grib2
/glade/scratch/ksha/DRIVE/HRRR/fcst12hr/HRRR.20190511.natf12.grib2
/glade/scratch/ksha/DRIVE/HRRR/fcst12hr/HRRR.20190512.natf12.grib2
/glade/scratch/ksha/DRIVE/HRRR/fcst12hr/HRRR.20190513.natf12.grib2
/glade/scratch/ksha/DRIVE/HRRR/fcst12hr/HRRR.20190514.natf12.grib2
/glade/scratch/ksha/DRIVE/HRRR/fcst12hr/HRRR.20190515.natf12.grib2
/glade/scratch/ksha/DRIVE/HRRR/fcst12hr/HRRR.20190516.natf12.grib2
/glade/scratch/ksha/DRIVE/HRRR/fcst12hr/HRRR.20190517.natf12.grib2
/glade/scratch/ksha/DRIVE/HRRR/fcst12hr/HRRR.20190518.natf12.grib2
/glade/scratch/ksha/DRIVE/HRRR/fcst12hr/HRRR.20190519.natf12.grib2
/glade/scratch/ksha/DRIVE/HRRR/fcst12hr/HRRR.20190520.natf12.grib2
/glade/scratch/ksha/DRIVE/HRRR/fcst12hr/HRRR.20190521.natf12.grib2
/glade/scratch/ksha/DRIVE/HRRR/fcst12hr/HRRR.20190522.natf12.grib2
/glade/scratch/ksha/DRIVE/HRRR/fcst12hr/HRRR.20190523.natf12.grib2
/glade/scratch/ksha/DRIVE/HRRR/fcst12hr/HRRR.20190524.natf12.grib2
/glade/scratch/ksha/DRIVE/HRRR/fcst12hr/HRRR.20190525.natf12.grib2
/glade/scratch/ksha/DRIVE/HRRR/fcst12hr/HRRR.20190526.natf12.grib2
/glade/scratch/ksha/DRIVE/HRRR/fcst12hr/HRRR.20190527.natf12.grib2
/glade/scratch/ksha/DRIVE/HRRR/fcst12hr/HRRR.20190528.natf12.grib2
/glade/scratch/ksha/DRIVE/HRRR/fcst12hr/HRRR.20190529.natf12.grib2
/glade/scratch/ksha/DRIVE/HRRR/fcst12hr/HRRR.20190530.natf12.grib2
/glade/scratch/ksha/DRIVE/HRRR/fcst12hr/HRRR.20190531.natf12.grib2
/glade/scratch/ksha/DRIVE/HRRR/fcst12hr/HRRR.20190601.natf12.grib2
/glade/scratch/ksha/DRIVE/HRRR/fcst12hr/HRRR.20190602.natf12.grib2
/glade/scratch/ksha/DRIVE/HRRR/fcst12hr/HRRR.20190603.natf12.grib2
/glade/scratch/ksha/DRIVE/HRRR/fcst12hr/HRRR.20190604.natf12.grib2
/glade/scratch/ksha/DRIVE/HRRR/fcst12hr/HRRR.20190605.natf12.grib2
/glade/scratch/ksha/DRIVE/HRRR/fcst12hr/HRRR.20190606.natf12.grib2
/glade/scratch/ksha/DRIVE/HRRR/fcst12hr/HRRR.20190607.natf12.grib2
/glade/scratch/ksha/DRIVE/HRRR/fcst12hr/HRRR.20190608.natf12.grib2
/glade/scratch/ksha/DRIVE/HRRR/fcst12hr/HRRR.20190609.natf12.grib2
/glade/scratch/ksha/DRIVE/HRRR/fcst12hr/HRRR.20190610.natf12.grib2
/glade/scratch/ksha/DRIVE/HRRR/fcst12hr/HRRR.20190611.natf12.grib2
/glade/scratch/ksha/DRIVE/HRRR/fcst12hr/HRRR.20190612.natf12.grib2
/glade/scratch/ksha/DRIVE/HRRR/fcst12hr/HRRR.20190613.natf12.grib2
/glade/scratch/ksha/DRIVE/HRRR/fcst12hr/HRRR.20190614.natf12.grib2
/glade/scratch/ksha/DRIVE/HRRR/fcst12hr/HRRR.20190615.natf12.grib2
/glade/scratch/ksha/DRIVE/HRRR/fcst12hr/HRRR.20190616.natf12.grib2
/glade/scratch/ksha/DRIVE/HRRR/fcst12hr/HRRR.20190617.natf12.grib2
/glade/scratch/ksha/DRIVE/HRRR/fcst12hr/HRRR.20190618.natf12.grib2
/glade/scratch/ksha/DRIVE/HRRR/fcst12hr/HRRR.20190619.natf12.grib2
/glade/scratch/ksha/DRIVE/HRRR/fcst12hr/HRRR.20190620.natf12.grib2
/glade/scratch/ksha/DRIVE/HRRR/fcst12hr/HRRR.20190621.natf12.grib2
/glade/scratch/ksha/DRIVE/HRRR/fcst12hr/HRRR.20190622.natf12.grib2
/glade/scratch/ksha/DRIVE/HRRR/fcst12hr/HRRR.20190623.natf12.grib2
/glade/scratch/ksha/DRIVE/HRRR/fcst12hr/HRRR.20190624.natf12.grib2
/glade/scratch/ksha/DRIVE/HRRR/fcst12hr/HRRR.20190625.natf12.grib2
/glade/scratch/ksha/DRIVE/HRRR/fcst12hr/HRRR.20190626.natf12.grib2
/glade/scratch/ksha/DRIVE/HRRR/fcst12hr/HRRR.20190627.natf12.grib2
/glade/scratch/ksha/DRIVE/HRRR/fcst12hr/HRRR.20190628.natf12.grib2
/glade/scratch/ksha/DRIVE/HRRR/fcst12hr/HRRR.20190629.natf12.grib2
/glade/scratch/ksha/DRIVE/HRRR/fcst12hr/HRRR.20190630.natf12.grib2
/glade/scratch/ksha/DRIVE/HRRR/fcst12hr/HRRR.20190701.natf12.grib2
/glade/scratch/ksha/DRIVE/HRRR/fcst12hr/HRRR.20190702.natf12.grib2
/glade/scratch/ksha/DRIVE/HRRR/fcst12hr/HRRR.20190703.natf12.grib2
/glade/scratch/ksha/DRIVE/HRRR/fcst12hr/HRRR.20190704.natf12.grib2
/glade/scratch/ksha/DRIVE/HRRR/fcst12hr/HRRR.20190705.natf12.grib2
/glade/scratch/ksha/DRIVE/HRRR/fcst12hr/HRRR.20190706.natf12.grib2
/glade/scratch/ksha/DRIVE/HRRR/fcst12hr/HRRR.20190707.natf12.grib2
/glade/scratch/ksha/DRIVE/HRRR/fcst12hr/HRRR.20190708.natf12.grib2
/glade/scratch/ksha/DRIVE/HRRR/fcst12hr/HRRR.20190709.natf12.grib2
/glade/scratch/ksha/DRIVE/HRRR/fcst12hr/HRRR.20190710.natf12.grib2
/glade/scratch/ksha/DRIVE/HRRR/fcst12hr/HRRR.20190711.natf12.grib2
/glade/scratch/ksha/DRIVE/HRRR/fcst12hr/HRRR.20190712.natf12.grib2
/glade/scratch/ksha/DRIVE/HRRR/fcst12hr/HRRR.20190713.natf12.grib2
/glade/scratch/ksha/DRIVE/HRRR/fcst12hr/HRRR.20190714.natf12.grib2
/glade/scratch/ksha/DRIVE/HRRR/fcst12hr/HRRR.20190715.natf12.grib2
/glade/scratch/ksha/DRIVE/HRRR/fcst12hr/HRRR.20190716.natf12.grib2
/glade/scratch/ksha/DRIVE/HRRR/fcst12hr/HRRR.20190717.natf12.grib2
/glade/scratch/ksha/DRIVE/HRRR/fcst12hr/HRRR.20190718.natf12.grib2
/glade/scratch/ksha/DRIVE/HRRR/fcst12hr/HRRR.20190719.natf12.grib2
/glade/scratch/ksha/DRIVE/HRRR/fcst12hr/HRRR.20190720.natf12.grib2
/glade/scratch/ksha/DRIVE/HRRR/fcst12hr/HRRR.20190721.natf12.grib2
/glade/scratch/ksha/DRIVE/HRRR/fcst12hr/HRRR.20190722.natf12.grib2
/glade/scratch/ksha/DRIVE/HRRR/fcst12hr/HRRR.20190723.natf12.grib2
/glade/scratch/ksha/DRIVE/HRRR/fcst12hr/HRRR.20190724.natf12.grib2
/glade/scratch/ksha/DRIVE/HRRR/fcst12hr/HRRR.20190725.natf12.grib2
/glade/scratch/ksha/DRIVE/HRRR/fcst12hr/HRRR.20190726.natf12.grib2
/glade/scratch/ksha/DRIVE/HRRR/fcst12hr/HRRR.20190727.natf12.grib2
/glade/scratch/ksha/DRIVE/HRRR/fcst12hr/HRRR.20190728.natf12.grib2
/glade/scratch/ksha/DRIVE/HRRR/fcst12hr/HRRR.20190729.natf12.grib2
/glade/scratch/ksha/DRIVE/HRRR/fcst12hr/HRRR.20190730.natf12.grib2
/glade/scratch/ksha/DRIVE/HRRR/fcst12hr/HRRR.20190731.natf12.grib2
/glade/scratch/ksha/DRIVE/HRRR/fcst12hr/HRRR.20190801.natf12.grib2
/glade/scratch/ksha/DRIVE/HRRR/fcst12hr/HRRR.20190802.natf12.grib2
/glade/scratch/ksha/DRIVE/HRRR/fcst12hr/HRRR.20190803.natf12.grib2
/glade/scratch/ksha/DRIVE/HRRR/fcst12hr/HRRR.20190804.natf12.grib2
/glade/scratch/ksha/DRIVE/HRRR/fcst12hr/HRRR.20190805.natf12.grib2
/glade/scratch/ksha/DRIVE/HRRR/fcst12hr/HRRR.20190806.natf12.grib2
/glade/scratch/ksha/DRIVE/HRRR/fcst12hr/HRRR.20190807.natf12.grib2
/glade/scratch/ksha/DRIVE/HRRR/fcst12hr/HRRR.20190808.natf12.grib2
/glade/scratch/ksha/DRIVE/HRRR/fcst12hr/HRRR.20190809.natf12.grib2
/glade/scratch/ksha/DRIVE/HRRR/fcst12hr/HRRR.20190810.natf12.grib2
/glade/scratch/ksha/DRIVE/HRRR/fcst12hr/HRRR.20190811.natf12.grib2
/glade/scratch/ksha/DRIVE/HRRR/fcst12hr/HRRR.20190812.natf12.grib2
/glade/scratch/ksha/DRIVE/HRRR/fcst12hr/HRRR.20190813.natf12.grib2
/glade/scratch/ksha/DRIVE/HRRR/fcst12hr/HRRR.20190814.natf12.grib2
/glade/scratch/ksha/DRIVE/HRRR/fcst12hr/HRRR.20190815.natf12.grib2
/glade/scratch/ksha/DRIVE/HRRR/fcst12hr/HRRR.20190816.natf12.grib2
/glade/scratch/ksha/DRIVE/HRRR/fcst12hr/HRRR.20190817.natf12.grib2
/glade/scratch/ksha/DRIVE/HRRR/fcst12hr/HRRR.20190818.natf12.grib2
/glade/scratch/ksha/DRIVE/HRRR/fcst12hr/HRRR.20190819.natf12.grib2
/glade/scratch/ksha/DRIVE/HRRR/fcst12hr/HRRR.20190820.natf12.grib2
/glade/scratch/ksha/DRIVE/HRRR/fcst12hr/HRRR.20190821.natf12.grib2
/glade/scratch/ksha/DRIVE/HRRR/fcst12hr/HRRR.20190822.natf12.grib2
/glade/scratch/ksha/DRIVE/HRRR/fcst12hr/HRRR.20190823.natf12.grib2
/glade/scratch/ksha/DRIVE/HRRR/fcst12hr/HRRR.20190824.natf12.grib2
/glade/scratch/ksha/DRIVE/HRRR/fcst12hr/HRRR.20190825.natf12.grib2
/glade/scratch/ksha/DRIVE/HRRR/fcst12hr/HRRR.20190826.natf12.grib2
/glade/scratch/ksha/DRIVE/HRRR/fcst12hr/HRRR.20190827.natf12.grib2
/glade/scratch/ksha/DRIVE/HRRR/fcst12hr/HRRR.20190828.natf12.grib2
/glade/scratch/ksha/DRIVE/HRRR/fcst12hr/HRRR.20190829.natf12.grib2
/glade/scratch/ksha/DRIVE/HRRR/fcst12hr/HRRR.20190830.natf12.grib2
/glade/scratch/ksha/DRIVE/HRRR/fcst12hr/HRRR.20190831.natf12.grib2
/glade/scratch/ksha/DRIVE/HRRR/fcst12hr/HRRR.20190901.natf12.grib2
/glade/scratch/ksha/DRIVE/HRRR/fcst12hr/HRRR.20190902.natf12.grib2
/glade/scratch/ksha/DRIVE/HRRR/fcst12hr/HRRR.20190903.natf12.grib2
/glade/scratch/ksha/DRIVE/HRRR/fcst12hr/HRRR.20190904.natf12.grib2
/glade/scratch/ksha/DRIVE/HRRR/fcst12hr/HRRR.20190905.natf12.grib2
/glade/scratch/ksha/DRIVE/HRRR/fcst12hr/HRRR.20190906.natf12.grib2
/glade/scratch/ksha/DRIVE/HRRR/fcst12hr/HRRR.20190907.natf12.grib2
/glade/scratch/ksha/DRIVE/HRRR/fcst12hr/HRRR.20190908.natf12.grib2
/glade/scratch/ksha/DRIVE/HRRR/fcst12hr/HRRR.20190909.natf12.grib2
/glade/scratch/ksha/DRIVE/HRRR/fcst12hr/HRRR.20190910.natf12.grib2
/glade/scratch/ksha/DRIVE/HRRR/fcst12hr/HRRR.20190911.natf12.grib2
/glade/scratch/ksha/DRIVE/HRRR/fcst12hr/HRRR.20190912.natf12.grib2
/glade/scratch/ksha/DRIVE/HRRR/fcst12hr/HRRR.20190913.natf12.grib2
/glade/scratch/ksha/DRIVE/HRRR/fcst12hr/HRRR.20190914.natf12.grib2
/glade/scratch/ksha/DRIVE/HRRR/fcst12hr/HRRR.20190915.natf12.grib2
/glade/scratch/ksha/DRIVE/HRRR/fcst12hr/HRRR.20190916.natf12.grib2
/glade/scratch/ksha/DRIVE/HRRR/fcst12hr/HRRR.20190917.natf12.grib2
/glade/scratch/ksha/DRIVE/HRRR/fcst12hr/HRRR.20190918.natf12.grib2
/glade/scratch/ksha/DRIVE/HRRR/fcst12hr/HRRR.20190919.natf12.grib2
/glade/scratch/ksha/DRIVE/HRRR/fcst12hr/HRRR.20190920.natf12.grib2
/glade/scratch/ksha/DRIVE/HRRR/fcst12hr/HRRR.20190921.natf12.grib2
/glade/scratch/ksha/DRIVE/HRRR/fcst12hr/HRRR.20190922.natf12.grib2
/glade/scratch/ksha/DRIVE/HRRR/fcst12hr/HRRR.20190923.natf12.grib2
/glade/scratch/ksha/DRIVE/HRRR/fcst12hr/HRRR.20190924.natf12.grib2
/glade/scratch/ksha/DRIVE/HRRR/fcst12hr/HRRR.20190925.natf12.grib2
/glade/scratch/ksha/DRIVE/HRRR/fcst12hr/HRRR.20190926.natf12.grib2
/glade/scratch/ksha/DRIVE/HRRR/fcst12hr/HRRR.20190927.natf12.grib2
/glade/scratch/ksha/DRIVE/HRRR/fcst12hr/HRRR.20190928.natf12.grib2
/glade/scratch/ksha/DRIVE/HRRR/fcst12hr/HRRR.20190929.natf12.grib2
/glade/scratch/ksha/DRIVE/HRRR/fcst12hr/HRRR.20190930.natf12.grib2
/glade/scratch/ksha/DRIVE/HRRR/fcst12hr/HRRR.20191001.natf12.grib2
/glade/scratch/ksha/DRIVE/HRRR/fcst12hr/HRRR.20191002.natf12.grib2
/glade/scratch/ksha/DRIVE/HRRR/fcst12hr/HRRR.20191003.natf12.grib2
/glade/scratch/ksha/DRIVE/HRRR/fcst12hr/HRRR.20191004.natf12.grib2
/glade/scratch/ksha/DRIVE/HRRR/fcst12hr/HRRR.20191005.natf12.grib2
/glade/scratch/ksha/DRIVE/HRRR/fcst12hr/HRRR.20191006.natf12.grib2
/glade/scratch/ksha/DRIVE/HRRR/fcst12hr/HRRR.20191007.natf12.grib2
/glade/scratch/ksha/DRIVE/HRRR/fcst12hr/HRRR.20191008.natf12.grib2
/glade/scratch/ksha/DRIVE/HRRR/fcst12hr/HRRR.20191009.natf12.grib2
/glade/scratch/ksha/DRIVE/HRRR/fcst12hr/HRRR.20191010.natf12.grib2
/glade/scratch/ksha/DRIVE/HRRR/fcst12hr/HRRR.20191011.natf12.grib2
/glade/scratch/ksha/DRIVE/HRRR/fcst12hr/HRRR.20191012.natf12.grib2
/glade/scratch/ksha/DRIVE/HRRR/fcst12hr/HRRR.20191013.natf12.grib2
/glade/scratch/ksha/DRIVE/HRRR/fcst12hr/HRRR.20191014.natf12.grib2
/glade/scratch/ksha/DRIVE/HRRR/fcst12hr/HRRR.20191015.natf12.grib2
/glade/scratch/ksha/DRIVE/HRRR/fcst12hr/HRRR.20191016.natf12.grib2
/glade/scratch/ksha/DRIVE/HRRR/fcst12hr/HRRR.20191017.natf12.grib2
/glade/scratch/ksha/DRIVE/HRRR/fcst12hr/HRRR.20191018.natf12.grib2
/glade/scratch/ksha/DRIVE/HRRR/fcst12hr/HRRR.20191019.natf12.grib2
/glade/scratch/ksha/DRIVE/HRRR/fcst12hr/HRRR.20191020.natf12.grib2
/glade/scratch/ksha/DRIVE/HRRR/fcst12hr/HRRR.20191021.natf12.grib2
/glade/scratch/ksha/DRIVE/HRRR/fcst12hr/HRRR.20191022.natf12.grib2
/glade/scratch/ksha/DRIVE/HRRR/fcst12hr/HRRR.20191023.natf12.grib2
/glade/scratch/ksha/DRIVE/HRRR/fcst12hr/HRRR.20191024.natf12.grib2
/glade/scratch/ksha/DRIVE/HRRR/fcst12hr/HRRR.20191025.natf12.grib2
/glade/scratch/ksha/DRIVE/HRRR/fcst12hr/HRRR.20191026.natf12.grib2
/glade/scratch/ksha/DRIVE/HRRR/fcst12hr/HRRR.20191027.natf12.grib2
/glade/scratch/ksha/DRIVE/HRRR/fcst12hr/HRRR.20191028.natf12.grib2
/glade/scratch/ksha/DRIVE/HRRR/fcst12hr/HRRR.20191029.natf12.grib2
/glade/scratch/ksha/DRIVE/HRRR/fcst12hr/HRRR.20191030.natf12.grib2
/glade/scratch/ksha/DRIVE/HRRR/fcst12hr/HRRR.20191031.natf12.grib2
/glade/scratch/ksha/DRIVE/HRRR/fcst12hr/HRRR.20200301.natf12.grib2
/glade/scratch/ksha/DRIVE/HRRR/fcst12hr/HRRR.20200302.natf12.grib2
/glade/scratch/ksha/DRIVE/HRRR/fcst12hr/HRRR.20200303.natf12.grib2
/glade/scratch/ksha/DRIVE/HRRR/fcst12hr/HRRR.20200304.natf12.grib2
/glade/scratch/ksha/DRIVE/HRRR/fcst12hr/HRRR.20200305.natf12.grib2
/glade/scratch/ksha/DRIVE/HRRR/fcst12hr/HRRR.20200306.natf12.grib2
/glade/scratch/ksha/DRIVE/HRRR/fcst12hr/HRRR.20200307.natf12.grib2
/glade/scratch/ksha/DRIVE/HRRR/fcst12hr/HRRR.20200308.natf12.grib2
/glade/scratch/ksha/DRIVE/HRRR/fcst12hr/HRRR.20200309.natf12.grib2
/glade/scratch/ksha/DRIVE/HRRR/fcst12hr/HRRR.20200310.natf12.grib2
/glade/scratch/ksha/DRIVE/HRRR/fcst12hr/HRRR.20200311.natf12.grib2
/glade/scratch/ksha/DRIVE/HRRR/fcst12hr/HRRR.20200312.natf12.grib2
/glade/scratch/ksha/DRIVE/HRRR/fcst12hr/HRRR.20200313.natf12.grib2
/glade/scratch/ksha/DRIVE/HRRR/fcst12hr/HRRR.20200314.natf12.grib2
/glade/scratch/ksha/DRIVE/HRRR/fcst12hr/HRRR.20200315.natf12.grib2
/glade/scratch/ksha/DRIVE/HRRR/fcst12hr/HRRR.20200316.natf12.grib2
/glade/scratch/ksha/DRIVE/HRRR/fcst12hr/HRRR.20200317.natf12.grib2
/glade/scratch/ksha/DRIVE/HRRR/fcst12hr/HRRR.20200318.natf12.grib2
/glade/scratch/ksha/DRIVE/HRRR/fcst12hr/HRRR.20200319.natf12.grib2
/glade/scratch/ksha/DRIVE/HRRR/fcst12hr/HRRR.20200320.natf12.grib2
/glade/scratch/ksha/DRIVE/HRRR/fcst12hr/HRRR.20200321.natf12.grib2
/glade/scratch/ksha/DRIVE/HRRR/fcst12hr/HRRR.20200322.natf12.grib2
/glade/scratch/ksha/DRIVE/HRRR/fcst12hr/HRRR.20200323.natf12.grib2
/glade/scratch/ksha/DRIVE/HRRR/fcst12hr/HRRR.20200324.natf12.grib2
/glade/scratch/ksha/DRIVE/HRRR/fcst12hr/HRRR.20200325.natf12.grib2
/glade/scratch/ksha/DRIVE/HRRR/fcst12hr/HRRR.20200326.natf12.grib2
/glade/scratch/ksha/DRIVE/HRRR/fcst12hr/HRRR.20200327.natf12.grib2
/glade/scratch/ksha/DRIVE/HRRR/fcst12hr/HRRR.20200328.natf12.grib2
/glade/scratch/ksha/DRIVE/HRRR/fcst12hr/HRRR.20200329.natf12.grib2
/glade/scratch/ksha/DRIVE/HRRR/fcst12hr/HRRR.20200330.natf12.grib2
/glade/scratch/ksha/DRIVE/HRRR/fcst12hr/HRRR.20200331.natf12.grib2
/glade/scratch/ksha/DRIVE/HRRR/fcst12hr/HRRR.20200401.natf12.grib2
/glade/scratch/ksha/DRIVE/HRRR/fcst12hr/HRRR.20200402.natf12.grib2
/glade/scratch/ksha/DRIVE/HRRR/fcst12hr/HRRR.20200403.natf12.grib2
/glade/scratch/ksha/DRIVE/HRRR/fcst12hr/HRRR.20200404.natf12.grib2
/glade/scratch/ksha/DRIVE/HRRR/fcst12hr/HRRR.20200405.natf12.grib2
/glade/scratch/ksha/DRIVE/HRRR/fcst12hr/HRRR.20200406.natf12.grib2
/glade/scratch/ksha/DRIVE/HRRR/fcst12hr/HRRR.20200407.natf12.grib2
/glade/scratch/ksha/DRIVE/HRRR/fcst12hr/HRRR.20200408.natf12.grib2
/glade/scratch/ksha/DRIVE/HRRR/fcst12hr/HRRR.20200409.natf12.grib2
/glade/scratch/ksha/DRIVE/HRRR/fcst12hr/HRRR.20200410.natf12.grib2
/glade/scratch/ksha/DRIVE/HRRR/fcst12hr/HRRR.20200411.natf12.grib2
/glade/scratch/ksha/DRIVE/HRRR/fcst12hr/HRRR.20200412.natf12.grib2
/glade/scratch/ksha/DRIVE/HRRR/fcst12hr/HRRR.20200413.natf12.grib2
/glade/scratch/ksha/DRIVE/HRRR/fcst12hr/HRRR.20200414.natf12.grib2
/glade/scratch/ksha/DRIVE/HRRR/fcst12hr/HRRR.20200415.natf12.grib2
/glade/scratch/ksha/DRIVE/HRRR/fcst12hr/HRRR.20200416.natf12.grib2
/glade/scratch/ksha/DRIVE/HRRR/fcst12hr/HRRR.20200417.natf12.grib2
/glade/scratch/ksha/DRIVE/HRRR/fcst12hr/HRRR.20200418.natf12.grib2
/glade/scratch/ksha/DRIVE/HRRR/fcst12hr/HRRR.20200419.natf12.grib2
/glade/scratch/ksha/DRIVE/HRRR/fcst12hr/HRRR.20200420.natf12.grib2
/glade/scratch/ksha/DRIVE/HRRR/fcst12hr/HRRR.20200421.natf12.grib2
/glade/scratch/ksha/DRIVE/HRRR/fcst12hr/HRRR.20200422.natf12.grib2
/glade/scratch/ksha/DRIVE/HRRR/fcst12hr/HRRR.20200423.natf12.grib2
/glade/scratch/ksha/DRIVE/HRRR/fcst12hr/HRRR.20200424.natf12.grib2
/glade/scratch/ksha/DRIVE/HRRR/fcst12hr/HRRR.20200425.natf12.grib2
/glade/scratch/ksha/DRIVE/HRRR/fcst12hr/HRRR.20200426.natf12.grib2
/glade/scratch/ksha/DRIVE/HRRR/fcst12hr/HRRR.20200427.natf12.grib2
/glade/scratch/ksha/DRIVE/HRRR/fcst12hr/HRRR.20200428.natf12.grib2
/glade/scratch/ksha/DRIVE/HRRR/fcst12hr/HRRR.20200429.natf12.grib2
/glade/scratch/ksha/DRIVE/HRRR/fcst12hr/HRRR.20200430.natf12.grib2
/glade/scratch/ksha/DRIVE/HRRR/fcst12hr/HRRR.20200501.natf12.grib2
/glade/scratch/ksha/DRIVE/HRRR/fcst12hr/HRRR.20200502.natf12.grib2
/glade/scratch/ksha/DRIVE/HRRR/fcst12hr/HRRR.20200503.natf12.grib2
/glade/scratch/ksha/DRIVE/HRRR/fcst12hr/HRRR.20200504.natf12.grib2
/glade/scratch/ksha/DRIVE/HRRR/fcst12hr/HRRR.20200505.natf12.grib2
/glade/scratch/ksha/DRIVE/HRRR/fcst12hr/HRRR.20200506.natf12.grib2
/glade/scratch/ksha/DRIVE/HRRR/fcst12hr/HRRR.20200507.natf12.grib2
/glade/scratch/ksha/DRIVE/HRRR/fcst12hr/HRRR.20200508.natf12.grib2
/glade/scratch/ksha/DRIVE/HRRR/fcst12hr/HRRR.20200509.natf12.grib2
/glade/scratch/ksha/DRIVE/HRRR/fcst12hr/HRRR.20200510.natf12.grib2
/glade/scratch/ksha/DRIVE/HRRR/fcst12hr/HRRR.20200511.natf12.grib2
/glade/scratch/ksha/DRIVE/HRRR/fcst12hr/HRRR.20200512.natf12.grib2
/glade/scratch/ksha/DRIVE/HRRR/fcst12hr/HRRR.20200513.natf12.grib2
/glade/scratch/ksha/DRIVE/HRRR/fcst12hr/HRRR.20200514.natf12.grib2
/glade/scratch/ksha/DRIVE/HRRR/fcst12hr/HRRR.20200515.natf12.grib2
/glade/scratch/ksha/DRIVE/HRRR/fcst12hr/HRRR.20200516.natf12.grib2
/glade/scratch/ksha/DRIVE/HRRR/fcst12hr/HRRR.20200517.natf12.grib2
/glade/scratch/ksha/DRIVE/HRRR/fcst12hr/HRRR.20200518.natf12.grib2
/glade/scratch/ksha/DRIVE/HRRR/fcst12hr/HRRR.20200519.natf12.grib2
/glade/scratch/ksha/DRIVE/HRRR/fcst12hr/HRRR.20200520.natf12.grib2
/glade/scratch/ksha/DRIVE/HRRR/fcst12hr/HRRR.20200521.natf12.grib2
/glade/scratch/ksha/DRIVE/HRRR/fcst12hr/HRRR.20200522.natf12.grib2
/glade/scratch/ksha/DRIVE/HRRR/fcst12hr/HRRR.20200523.natf12.grib2
/glade/scratch/ksha/DRIVE/HRRR/fcst12hr/HRRR.20200524.natf12.grib2
/glade/scratch/ksha/DRIVE/HRRR/fcst12hr/HRRR.20200525.natf12.grib2
/glade/scratch/ksha/DRIVE/HRRR/fcst12hr/HRRR.20200526.natf12.grib2
/glade/scratch/ksha/DRIVE/HRRR/fcst12hr/HRRR.20200527.natf12.grib2
/glade/scratch/ksha/DRIVE/HRRR/fcst12hr/HRRR.20200528.natf12.grib2
/glade/scratch/ksha/DRIVE/HRRR/fcst12hr/HRRR.20200529.natf12.grib2
/glade/scratch/ksha/DRIVE/HRRR/fcst12hr/HRRR.20200530.natf12.grib2
/glade/scratch/ksha/DRIVE/HRRR/fcst12hr/HRRR.20200531.natf12.grib2
/glade/scratch/ksha/DRIVE/HRRR/fcst12hr/HRRR.20200601.natf12.grib2
/glade/scratch/ksha/DRIVE/HRRR/fcst12hr/HRRR.20200602.natf12.grib2
/glade/scratch/ksha/DRIVE/HRRR/fcst12hr/HRRR.20200603.natf12.grib2
/glade/scratch/ksha/DRIVE/HRRR/fcst12hr/HRRR.20200604.natf12.grib2
/glade/scratch/ksha/DRIVE/HRRR/fcst12hr/HRRR.20200605.natf12.grib2
/glade/scratch/ksha/DRIVE/HRRR/fcst12hr/HRRR.20200606.natf12.grib2
/glade/scratch/ksha/DRIVE/HRRR/fcst12hr/HRRR.20200607.natf12.grib2
/glade/scratch/ksha/DRIVE/HRRR/fcst12hr/HRRR.20200608.natf12.grib2
/glade/scratch/ksha/DRIVE/HRRR/fcst12hr/HRRR.20200609.natf12.grib2
/glade/scratch/ksha/DRIVE/HRRR/fcst12hr/HRRR.20200610.natf12.grib2
/glade/scratch/ksha/DRIVE/HRRR/fcst12hr/HRRR.20200611.natf12.grib2
/glade/scratch/ksha/DRIVE/HRRR/fcst12hr/HRRR.20200612.natf12.grib2
/glade/scratch/ksha/DRIVE/HRRR/fcst12hr/HRRR.20200613.natf12.grib2
/glade/scratch/ksha/DRIVE/HRRR/fcst12hr/HRRR.20200614.natf12.grib2
/glade/scratch/ksha/DRIVE/HRRR/fcst12hr/HRRR.20200615.natf12.grib2
/glade/scratch/ksha/DRIVE/HRRR/fcst12hr/HRRR.20200616.natf12.grib2
/glade/scratch/ksha/DRIVE/HRRR/fcst12hr/HRRR.20200617.natf12.grib2
/glade/scratch/ksha/DRIVE/HRRR/fcst12hr/HRRR.20200618.natf12.grib2
/glade/scratch/ksha/DRIVE/HRRR/fcst12hr/HRRR.20200619.natf12.grib2
/glade/scratch/ksha/DRIVE/HRRR/fcst12hr/HRRR.20200620.natf12.grib2
/glade/scratch/ksha/DRIVE/HRRR/fcst12hr/HRRR.20200621.natf12.grib2
/glade/scratch/ksha/DRIVE/HRRR/fcst12hr/HRRR.20200622.natf12.grib2
/glade/scratch/ksha/DRIVE/HRRR/fcst12hr/HRRR.20200623.natf12.grib2
/glade/scratch/ksha/DRIVE/HRRR/fcst12hr/HRRR.20200624.natf12.grib2
/glade/scratch/ksha/DRIVE/HRRR/fcst12hr/HRRR.20200625.natf12.grib2
/glade/scratch/ksha/DRIVE/HRRR/fcst12hr/HRRR.20200626.natf12.grib2
/glade/scratch/ksha/DRIVE/HRRR/fcst12hr/HRRR.20200627.natf12.grib2
/glade/scratch/ksha/DRIVE/HRRR/fcst12hr/HRRR.20200628.natf12.grib2
/glade/scratch/ksha/DRIVE/HRRR/fcst12hr/HRRR.20200629.natf12.grib2
/glade/scratch/ksha/DRIVE/HRRR/fcst12hr/HRRR.20200630.natf12.grib2
/glade/scratch/ksha/DRIVE/HRRR/fcst12hr/HRRR.20200701.natf12.grib2
/glade/scratch/ksha/DRIVE/HRRR/fcst12hr/HRRR.20200702.natf12.grib2
/glade/scratch/ksha/DRIVE/HRRR/fcst12hr/HRRR.20200703.natf12.grib2
/glade/scratch/ksha/DRIVE/HRRR/fcst12hr/HRRR.20200704.natf12.grib2
/glade/scratch/ksha/DRIVE/HRRR/fcst12hr/HRRR.20200705.natf12.grib2
/glade/scratch/ksha/DRIVE/HRRR/fcst12hr/HRRR.20200706.natf12.grib2
/glade/scratch/ksha/DRIVE/HRRR/fcst12hr/HRRR.20200707.natf12.grib2
/glade/scratch/ksha/DRIVE/HRRR/fcst12hr/HRRR.20200708.natf12.grib2
/glade/scratch/ksha/DRIVE/HRRR/fcst12hr/HRRR.20200709.natf12.grib2
/glade/scratch/ksha/DRIVE/HRRR/fcst12hr/HRRR.20200710.natf12.grib2
/glade/scratch/ksha/DRIVE/HRRR/fcst12hr/HRRR.20200711.natf12.grib2
/glade/scratch/ksha/DRIVE/HRRR/fcst12hr/HRRR.20200712.natf12.grib2
/glade/scratch/ksha/DRIVE/HRRR/fcst12hr/HRRR.20200713.natf12.grib2
/glade/scratch/ksha/DRIVE/HRRR/fcst12hr/HRRR.20200714.natf12.grib2
/glade/scratch/ksha/DRIVE/HRRR/fcst12hr/HRRR.20200715.natf12.grib2
/glade/scratch/ksha/DRIVE/HRRR/fcst12hr/HRRR.20200716.natf12.grib2
/glade/scratch/ksha/DRIVE/HRRR/fcst12hr/HRRR.20200717.natf12.grib2
/glade/scratch/ksha/DRIVE/HRRR/fcst12hr/HRRR.20200718.natf12.grib2
/glade/scratch/ksha/DRIVE/HRRR/fcst12hr/HRRR.20200719.natf12.grib2
/glade/scratch/ksha/DRIVE/HRRR/fcst12hr/HRRR.20200720.natf12.grib2
/glade/scratch/ksha/DRIVE/HRRR/fcst12hr/HRRR.20200721.natf12.grib2
/glade/scratch/ksha/DRIVE/HRRR/fcst12hr/HRRR.20200722.natf12.grib2
/glade/scratch/ksha/DRIVE/HRRR/fcst12hr/HRRR.20200723.natf12.grib2
/glade/scratch/ksha/DRIVE/HRRR/fcst12hr/HRRR.20200724.natf12.grib2
/glade/scratch/ksha/DRIVE/HRRR/fcst12hr/HRRR.20200725.natf12.grib2
/glade/scratch/ksha/DRIVE/HRRR/fcst12hr/HRRR.20200726.natf12.grib2
/glade/scratch/ksha/DRIVE/HRRR/fcst12hr/HRRR.20200727.natf12.grib2
/glade/scratch/ksha/DRIVE/HRRR/fcst12hr/HRRR.20200728.natf12.grib2
/glade/scratch/ksha/DRIVE/HRRR/fcst12hr/HRRR.20200729.natf12.grib2
/glade/scratch/ksha/DRIVE/HRRR/fcst12hr/HRRR.20200730.natf12.grib2
/glade/scratch/ksha/DRIVE/HRRR/fcst12hr/HRRR.20200731.natf12.grib2
/glade/scratch/ksha/DRIVE/HRRR/fcst12hr/HRRR.20200801.natf12.grib2
/glade/scratch/ksha/DRIVE/HRRR/fcst12hr/HRRR.20200802.natf12.grib2
/glade/scratch/ksha/DRIVE/HRRR/fcst12hr/HRRR.20200803.natf12.grib2
/glade/scratch/ksha/DRIVE/HRRR/fcst12hr/HRRR.20200804.natf12.grib2
/glade/scratch/ksha/DRIVE/HRRR/fcst12hr/HRRR.20200805.natf12.grib2
/glade/scratch/ksha/DRIVE/HRRR/fcst12hr/HRRR.20200806.natf12.grib2
/glade/scratch/ksha/DRIVE/HRRR/fcst12hr/HRRR.20200807.natf12.grib2
/glade/scratch/ksha/DRIVE/HRRR/fcst12hr/HRRR.20200808.natf12.grib2
/glade/scratch/ksha/DRIVE/HRRR/fcst12hr/HRRR.20200809.natf12.grib2
/glade/scratch/ksha/DRIVE/HRRR/fcst12hr/HRRR.20200810.natf12.grib2
/glade/scratch/ksha/DRIVE/HRRR/fcst12hr/HRRR.20200811.natf12.grib2
/glade/scratch/ksha/DRIVE/HRRR/fcst12hr/HRRR.20200812.natf12.grib2
/glade/scratch/ksha/DRIVE/HRRR/fcst12hr/HRRR.20200813.natf12.grib2
/glade/scratch/ksha/DRIVE/HRRR/fcst12hr/HRRR.20200814.natf12.grib2
/glade/scratch/ksha/DRIVE/HRRR/fcst12hr/HRRR.20200815.natf12.grib2
/glade/scratch/ksha/DRIVE/HRRR/fcst12hr/HRRR.20200816.natf12.grib2
/glade/scratch/ksha/DRIVE/HRRR/fcst12hr/HRRR.20200817.natf12.grib2
/glade/scratch/ksha/DRIVE/HRRR/fcst12hr/HRRR.20200818.natf12.grib2
/glade/scratch/ksha/DRIVE/HRRR/fcst12hr/HRRR.20200819.natf12.grib2
/glade/scratch/ksha/DRIVE/HRRR/fcst12hr/HRRR.20200820.natf12.grib2
/glade/scratch/ksha/DRIVE/HRRR/fcst12hr/HRRR.20200821.natf12.grib2
/glade/scratch/ksha/DRIVE/HRRR/fcst12hr/HRRR.20200822.natf12.grib2
/glade/scratch/ksha/DRIVE/HRRR/fcst12hr/HRRR.20200823.natf12.grib2
/glade/scratch/ksha/DRIVE/HRRR/fcst12hr/HRRR.20200824.natf12.grib2
/glade/scratch/ksha/DRIVE/HRRR/fcst12hr/HRRR.20200825.natf12.grib2
/glade/scratch/ksha/DRIVE/HRRR/fcst12hr/HRRR.20200826.natf12.grib2
/glade/scratch/ksha/DRIVE/HRRR/fcst12hr/HRRR.20200827.natf12.grib2
/glade/scratch/ksha/DRIVE/HRRR/fcst12hr/HRRR.20200828.natf12.grib2
/glade/scratch/ksha/DRIVE/HRRR/fcst12hr/HRRR.20200829.natf12.grib2
/glade/scratch/ksha/DRIVE/HRRR/fcst12hr/HRRR.20200830.natf12.grib2
/glade/scratch/ksha/DRIVE/HRRR/fcst12hr/HRRR.20200831.natf12.grib2
/glade/scratch/ksha/DRIVE/HRRR/fcst12hr/HRRR.20200901.natf12.grib2
/glade/scratch/ksha/DRIVE/HRRR/fcst12hr/HRRR.20200902.natf12.grib2
/glade/scratch/ksha/DRIVE/HRRR/fcst12hr/HRRR.20200903.natf12.grib2
/glade/scratch/ksha/DRIVE/HRRR/fcst12hr/HRRR.20200904.natf12.grib2
/glade/scratch/ksha/DRIVE/HRRR/fcst12hr/HRRR.20200905.natf12.grib2
/glade/scratch/ksha/DRIVE/HRRR/fcst12hr/HRRR.20200906.natf12.grib2
/glade/scratch/ksha/DRIVE/HRRR/fcst12hr/HRRR.20200907.natf12.grib2
/glade/scratch/ksha/DRIVE/HRRR/fcst12hr/HRRR.20200908.natf12.grib2
/glade/scratch/ksha/DRIVE/HRRR/fcst12hr/HRRR.20200909.natf12.grib2
/glade/scratch/ksha/DRIVE/HRRR/fcst12hr/HRRR.20200910.natf12.grib2
/glade/scratch/ksha/DRIVE/HRRR/fcst12hr/HRRR.20200911.natf12.grib2
/glade/scratch/ksha/DRIVE/HRRR/fcst12hr/HRRR.20200912.natf12.grib2
/glade/scratch/ksha/DRIVE/HRRR/fcst12hr/HRRR.20200913.natf12.grib2
/glade/scratch/ksha/DRIVE/HRRR/fcst12hr/HRRR.20200914.natf12.grib2
/glade/scratch/ksha/DRIVE/HRRR/fcst12hr/HRRR.20200915.natf12.grib2
/glade/scratch/ksha/DRIVE/HRRR/fcst12hr/HRRR.20200916.natf12.grib2
/glade/scratch/ksha/DRIVE/HRRR/fcst12hr/HRRR.20200917.natf12.grib2
/glade/scratch/ksha/DRIVE/HRRR/fcst12hr/HRRR.20200918.natf12.grib2
/glade/scratch/ksha/DRIVE/HRRR/fcst12hr/HRRR.20200919.natf12.grib2
/glade/scratch/ksha/DRIVE/HRRR/fcst12hr/HRRR.20200920.natf12.grib2
/glade/scratch/ksha/DRIVE/HRRR/fcst12hr/HRRR.20200921.natf12.grib2
/glade/scratch/ksha/DRIVE/HRRR/fcst12hr/HRRR.20200922.natf12.grib2
/glade/scratch/ksha/DRIVE/HRRR/fcst12hr/HRRR.20200923.natf12.grib2
/glade/scratch/ksha/DRIVE/HRRR/fcst12hr/HRRR.20200924.natf12.grib2
/glade/scratch/ksha/DRIVE/HRRR/fcst12hr/HRRR.20200925.natf12.grib2
/glade/scratch/ksha/DRIVE/HRRR/fcst12hr/HRRR.20200926.natf12.grib2
/glade/scratch/ksha/DRIVE/HRRR/fcst12hr/HRRR.20200927.natf12.grib2
/glade/scratch/ksha/DRIVE/HRRR/fcst12hr/HRRR.20200928.natf12.grib2
/glade/scratch/ksha/DRIVE/HRRR/fcst12hr/HRRR.20200929.natf12.grib2
/glade/scratch/ksha/DRIVE/HRRR/fcst12hr/HRRR.20200930.natf12.grib2
/glade/scratch/ksha/DRIVE/HRRR/fcst12hr/HRRR.20201001.natf12.grib2
/glade/scratch/ksha/DRIVE/HRRR/fcst12hr/HRRR.20201002.natf12.grib2
/glade/scratch/ksha/DRIVE/HRRR/fcst12hr/HRRR.20201003.natf12.grib2
/glade/scratch/ksha/DRIVE/HRRR/fcst12hr/HRRR.20201004.natf12.grib2
/glade/scratch/ksha/DRIVE/HRRR/fcst12hr/HRRR.20201005.natf12.grib2
/glade/scratch/ksha/DRIVE/HRRR/fcst12hr/HRRR.20201006.natf12.grib2
/glade/scratch/ksha/DRIVE/HRRR/fcst12hr/HRRR.20201007.natf12.grib2
/glade/scratch/ksha/DRIVE/HRRR/fcst12hr/HRRR.20201008.natf12.grib2
/glade/scratch/ksha/DRIVE/HRRR/fcst12hr/HRRR.20201009.natf12.grib2
/glade/scratch/ksha/DRIVE/HRRR/fcst12hr/HRRR.20201010.natf12.grib2
/glade/scratch/ksha/DRIVE/HRRR/fcst12hr/HRRR.20201011.natf12.grib2
/glade/scratch/ksha/DRIVE/HRRR/fcst12hr/HRRR.20201012.natf12.grib2
/glade/scratch/ksha/DRIVE/HRRR/fcst12hr/HRRR.20201013.natf12.grib2
/glade/scratch/ksha/DRIVE/HRRR/fcst12hr/HRRR.20201014.natf12.grib2
/glade/scratch/ksha/DRIVE/HRRR/fcst12hr/HRRR.20201015.natf12.grib2
/glade/scratch/ksha/DRIVE/HRRR/fcst12hr/HRRR.20201016.natf12.grib2
/glade/scratch/ksha/DRIVE/HRRR/fcst12hr/HRRR.20201017.natf12.grib2
/glade/scratch/ksha/DRIVE/HRRR/fcst12hr/HRRR.20201018.natf12.grib2
/glade/scratch/ksha/DRIVE/HRRR/fcst12hr/HRRR.20201019.natf12.grib2
/glade/scratch/ksha/DRIVE/HRRR/fcst12hr/HRRR.20201020.natf12.grib2
/glade/scratch/ksha/DRIVE/HRRR/fcst12hr/HRRR.20201021.natf12.grib2
/glade/scratch/ksha/DRIVE/HRRR/fcst12hr/HRRR.20201022.natf12.grib2
/glade/scratch/ksha/DRIVE/HRRR/fcst12hr/HRRR.20201023.natf12.grib2
/glade/scratch/ksha/DRIVE/HRRR/fcst12hr/HRRR.20201024.natf12.grib2
/glade/scratch/ksha/DRIVE/HRRR/fcst12hr/HRRR.20201025.natf12.grib2
/glade/scratch/ksha/DRIVE/HRRR/fcst12hr/HRRR.20201026.natf12.grib2
/glade/scratch/ksha/DRIVE/HRRR/fcst12hr/HRRR.20201027.natf12.grib2
/glade/scratch/ksha/DRIVE/HRRR/fcst12hr/HRRR.20201028.natf12.grib2
/glade/scratch/ksha/DRIVE/HRRR/fcst12hr/HRRR.20201029.natf12.grib2
/glade/scratch/ksha/DRIVE/HRRR/fcst12hr/HRRR.20201030.natf12.grib2
/glade/scratch/ksha/DRIVE/HRRR/fcst12hr/HRRR.20201031.natf12.grib2
Save to /glade/scratch/ksha/DRIVE/SPC_3km_grid/HRRRv3_envi.hdf
